日志级别：WARNING,生成时间： 2023-02-21 15:59:29,722 ,模块：log ,进程：7320,线程：8872 , 消息：Not Found: /static/assets/css/font-awesome.css
日志级别：WARNING,生成时间： 2023-02-21 15:59:29,726 ,模块：log ,进程：7320,线程：4924 , 消息：Not Found: /static/assets/css/bootstrap.css
日志级别：WARNING,生成时间： 2023-02-21 15:59:29,727 ,模块：log ,进程：7320,线程：208 , 消息：Not Found: /static/assets/css/custom-styles.css
日志级别：WARNING,生成时间： 2023-02-21 15:59:29,730 ,模块：log ,进程：7320,线程：1408 , 消息：Not Found: /static/assets/CSS/login.css
日志级别：WARNING,生成时间： 2023-02-21 15:59:32,048 ,模块：log ,进程：7320,线程：14908 , 消息：Not Found: /favicon.ico
日志级别：WARNING,生成时间： 2023-02-21 16:01:14,797 ,模块：log ,进程：7320,线程：3972 , 消息：Not Found: /static/assets/css/font-awesome.css
日志级别：WARNING,生成时间： 2023-02-21 16:01:14,798 ,模块：log ,进程：7320,线程：8856 , 消息：Not Found: /static/assets/css/bootstrap.css
日志级别：WARNING,生成时间： 2023-02-21 16:01:14,801 ,模块：log ,进程：7320,线程：17508 , 消息：Not Found: /static/assets/css/custom-styles.css
日志级别：WARNING,生成时间： 2023-02-21 16:01:14,803 ,模块：log ,进程：7320,线程：11980 , 消息：Not Found: /static/assets/CSS/login.css
日志级别：WARNING,生成时间： 2023-02-21 16:01:16,592 ,模块：log ,进程：7320,线程：6124 , 消息：Not Found: /static/assets/css/font-awesome.css
日志级别：WARNING,生成时间： 2023-02-21 16:01:16,594 ,模块：log ,进程：7320,线程：11580 , 消息：Not Found: /static/assets/css/bootstrap.css
日志级别：WARNING,生成时间： 2023-02-21 16:01:16,596 ,模块：log ,进程：7320,线程：12056 , 消息：Not Found: /static/assets/css/custom-styles.css
日志级别：WARNING,生成时间： 2023-02-21 16:01:16,599 ,模块：log ,进程：7320,线程：1176 , 消息：Not Found: /static/assets/CSS/login.css
日志级别：WARNING,生成时间： 2023-02-21 16:01:17,246 ,模块：log ,进程：7320,线程：10572 , 消息：Not Found: /static/assets/css/font-awesome.css
日志级别：WARNING,生成时间： 2023-02-21 16:01:17,247 ,模块：log ,进程：7320,线程：3712 , 消息：Not Found: /static/assets/css/bootstrap.css
日志级别：WARNING,生成时间： 2023-02-21 16:01:17,250 ,模块：log ,进程：7320,线程：17104 , 消息：Not Found: /static/assets/css/custom-styles.css
日志级别：WARNING,生成时间： 2023-02-21 16:01:17,252 ,模块：log ,进程：7320,线程：18332 , 消息：Not Found: /static/assets/CSS/login.css
日志级别：WARNING,生成时间： 2023-02-21 16:01:17,432 ,模块：log ,进程：7320,线程：17640 , 消息：Not Found: /static/assets/css/font-awesome.css
日志级别：WARNING,生成时间： 2023-02-21 16:01:17,434 ,模块：log ,进程：7320,线程：13408 , 消息：Not Found: /static/assets/css/bootstrap.css
日志级别：WARNING,生成时间： 2023-02-21 16:01:17,437 ,模块：log ,进程：7320,线程：6836 , 消息：Not Found: /static/assets/css/custom-styles.css
日志级别：WARNING,生成时间： 2023-02-21 16:01:17,439 ,模块：log ,进程：7320,线程：1912 , 消息：Not Found: /static/assets/CSS/login.css
日志级别：WARNING,生成时间： 2023-02-21 16:01:17,608 ,模块：log ,进程：7320,线程：4444 , 消息：Not Found: /static/assets/css/font-awesome.css
日志级别：WARNING,生成时间： 2023-02-21 16:01:17,610 ,模块：log ,进程：7320,线程：16432 , 消息：Not Found: /static/assets/css/bootstrap.css
日志级别：WARNING,生成时间： 2023-02-21 16:01:17,612 ,模块：log ,进程：7320,线程：7752 , 消息：Not Found: /static/assets/css/custom-styles.css
日志级别：WARNING,生成时间： 2023-02-21 16:01:17,616 ,模块：log ,进程：7320,线程：5048 , 消息：Not Found: /static/assets/CSS/login.css
日志级别：WARNING,生成时间： 2023-02-21 16:01:17,785 ,模块：log ,进程：7320,线程：6260 , 消息：Not Found: /static/assets/css/font-awesome.css
日志级别：WARNING,生成时间： 2023-02-21 16:01:17,787 ,模块：log ,进程：7320,线程：11680 , 消息：Not Found: /static/assets/css/bootstrap.css
日志级别：WARNING,生成时间： 2023-02-21 16:01:17,790 ,模块：log ,进程：7320,线程：6916 , 消息：Not Found: /static/assets/css/custom-styles.css
日志级别：WARNING,生成时间： 2023-02-21 16:01:17,794 ,模块：log ,进程：7320,线程：17592 , 消息：Not Found: /static/assets/CSS/login.css
日志级别：WARNING,生成时间： 2023-02-21 16:01:17,982 ,模块：log ,进程：7320,线程：11088 , 消息：Not Found: /static/assets/css/font-awesome.css
日志级别：WARNING,生成时间： 2023-02-21 16:01:17,983 ,模块：log ,进程：7320,线程：9600 , 消息：Not Found: /static/assets/css/bootstrap.css
日志级别：WARNING,生成时间： 2023-02-21 16:01:17,987 ,模块：log ,进程：7320,线程：8504 , 消息：Not Found: /static/assets/css/custom-styles.css
日志级别：WARNING,生成时间： 2023-02-21 16:01:17,989 ,模块：log ,进程：7320,线程：9940 , 消息：Not Found: /static/assets/CSS/login.css
日志级别：WARNING,生成时间： 2023-02-21 16:01:18,149 ,模块：log ,进程：7320,线程：11664 , 消息：Not Found: /static/assets/css/bootstrap.css
日志级别：WARNING,生成时间： 2023-02-21 16:01:18,150 ,模块：log ,进程：7320,线程：3696 , 消息：Not Found: /static/assets/css/font-awesome.css
日志级别：WARNING,生成时间： 2023-02-21 16:01:18,152 ,模块：log ,进程：7320,线程：13728 , 消息：Not Found: /static/assets/css/custom-styles.css
日志级别：WARNING,生成时间： 2023-02-21 16:01:18,154 ,模块：log ,进程：7320,线程：12640 , 消息：Not Found: /static/assets/CSS/login.css
日志级别：WARNING,生成时间： 2023-02-21 16:01:19,690 ,模块：log ,进程：7320,线程：3844 , 消息：Not Found: /static/assets/css/font-awesome.css
日志级别：WARNING,生成时间： 2023-02-21 16:01:19,693 ,模块：log ,进程：7320,线程：5416 , 消息：Not Found: /static/assets/css/bootstrap.css
日志级别：WARNING,生成时间： 2023-02-21 16:01:19,697 ,模块：log ,进程：7320,线程：16600 , 消息：Not Found: /static/assets/CSS/login.css
日志级别：WARNING,生成时间： 2023-02-21 16:01:19,698 ,模块：log ,进程：7320,线程：1448 , 消息：Not Found: /static/assets/css/custom-styles.css
日志级别：WARNING,生成时间： 2023-02-21 16:01:19,754 ,模块：log ,进程：7320,线程：13736 , 消息：Not Found: /favicon.ico
日志级别：WARNING,生成时间： 2023-02-21 16:01:23,506 ,模块：log ,进程：7320,线程：4836 , 消息：Not Found: /static/assets/css/font-awesome.css
日志级别：WARNING,生成时间： 2023-02-21 16:01:23,510 ,模块：log ,进程：7320,线程：14196 , 消息：Not Found: /static/assets/css/bootstrap.css
日志级别：WARNING,生成时间： 2023-02-21 16:01:23,513 ,模块：log ,进程：7320,线程：2376 , 消息：Not Found: /static/assets/css/custom-styles.css
日志级别：WARNING,生成时间： 2023-02-21 16:01:23,515 ,模块：log ,进程：7320,线程：16276 , 消息：Not Found: /static/assets/CSS/login.css
日志级别：WARNING,生成时间： 2023-02-21 16:01:27,531 ,模块：log ,进程：7320,线程：11028 , 消息：Not Found: /static/assets/css/font-awesome.css
日志级别：WARNING,生成时间： 2023-02-21 16:01:27,534 ,模块：log ,进程：7320,线程：5648 , 消息：Not Found: /static/assets/css/bootstrap.css
日志级别：WARNING,生成时间： 2023-02-21 16:01:27,535 ,模块：log ,进程：7320,线程：18144 , 消息：Not Found: /static/assets/css/custom-styles.css
日志级别：WARNING,生成时间： 2023-02-21 16:01:27,537 ,模块：log ,进程：7320,线程：17604 , 消息：Not Found: /static/assets/CSS/login.css
日志级别：WARNING,生成时间： 2023-02-21 16:02:31,268 ,模块：log ,进程：2396,线程：17436 , 消息：Not Found: /static/assets/css/font-awesome.css
日志级别：WARNING,生成时间： 2023-02-21 16:02:31,270 ,模块：log ,进程：2396,线程：208 , 消息：Not Found: /static/assets/css/bootstrap.css
日志级别：WARNING,生成时间： 2023-02-21 16:02:31,273 ,模块：log ,进程：2396,线程：4924 , 消息：Not Found: /static/assets/css/custom-styles.css
日志级别：WARNING,生成时间： 2023-02-21 16:02:31,274 ,模块：log ,进程：2396,线程：15484 , 消息：Not Found: /static/assets/CSS/login.css
日志级别：WARNING,生成时间： 2023-02-21 16:03:33,758 ,模块：log ,进程：2396,线程：17076 , 消息：Not Found: /static/assets/css/font-awesome.css
日志级别：WARNING,生成时间： 2023-02-21 16:03:33,761 ,模块：log ,进程：2396,线程：1112 , 消息：Not Found: /static/assets/css/bootstrap.css
日志级别：WARNING,生成时间： 2023-02-21 16:03:33,765 ,模块：log ,进程：2396,线程：18412 , 消息：Not Found: /static/assets/css/custom-styles.css
日志级别：WARNING,生成时间： 2023-02-21 16:03:33,766 ,模块：log ,进程：2396,线程：11328 , 消息：Not Found: /static/assets/CSS/login.css
日志级别：WARNING,生成时间： 2023-02-21 16:03:51,580 ,模块：log ,进程：2396,线程：10632 , 消息：Not Found: /static/assets/css/bootstrap.css
日志级别：WARNING,生成时间： 2023-02-21 16:03:51,581 ,模块：log ,进程：2396,线程：7096 , 消息：Not Found: /static/assets/css/font-awesome.css
日志级别：WARNING,生成时间： 2023-02-21 16:03:51,583 ,模块：log ,进程：2396,线程：4664 , 消息：Not Found: /static/assets/css/custom-styles.css
日志级别：WARNING,生成时间： 2023-02-21 16:03:51,586 ,模块：log ,进程：2396,线程：5500 , 消息：Not Found: /static/assets/CSS/login.css
日志级别：WARNING,生成时间： 2023-02-21 16:03:52,279 ,模块：log ,进程：2396,线程：1148 , 消息：Not Found: /static/assets/css/font-awesome.css
日志级别：WARNING,生成时间： 2023-02-21 16:03:52,280 ,模块：log ,进程：2396,线程：9704 , 消息：Not Found: /static/assets/css/bootstrap.css
日志级别：WARNING,生成时间： 2023-02-21 16:03:52,284 ,模块：log ,进程：2396,线程：8864 , 消息：Not Found: /static/assets/css/custom-styles.css
日志级别：WARNING,生成时间： 2023-02-21 16:03:52,285 ,模块：log ,进程：2396,线程：2672 , 消息：Not Found: /static/assets/CSS/login.css
日志级别：WARNING,生成时间： 2023-02-21 16:03:52,475 ,模块：log ,进程：2396,线程：11884 , 消息：Not Found: /static/assets/css/bootstrap.css
日志级别：WARNING,生成时间： 2023-02-21 16:03:52,477 ,模块：log ,进程：2396,线程：18396 , 消息：Not Found: /static/assets/css/font-awesome.css
日志级别：WARNING,生成时间： 2023-02-21 16:03:52,480 ,模块：log ,进程：2396,线程：3988 , 消息：Not Found: /static/assets/css/custom-styles.css
日志级别：WARNING,生成时间： 2023-02-21 16:03:52,482 ,模块：log ,进程：2396,线程：2744 , 消息：Not Found: /static/assets/CSS/login.css
日志级别：WARNING,生成时间： 2023-02-21 16:03:52,687 ,模块：log ,进程：2396,线程：2304 , 消息：Not Found: /static/assets/css/font-awesome.css
日志级别：WARNING,生成时间： 2023-02-21 16:03:52,689 ,模块：log ,进程：2396,线程：16468 , 消息：Not Found: /static/assets/css/bootstrap.css
日志级别：WARNING,生成时间： 2023-02-21 16:03:52,696 ,模块：log ,进程：2396,线程：6300 , 消息：Not Found: /static/assets/css/custom-styles.css
日志级别：WARNING,生成时间： 2023-02-21 16:03:52,697 ,模块：log ,进程：2396,线程：6924 , 消息：Not Found: /static/assets/CSS/login.css
日志级别：WARNING,生成时间： 2023-02-21 16:03:52,870 ,模块：log ,进程：2396,线程：15540 , 消息：Not Found: /static/assets/css/font-awesome.css
日志级别：WARNING,生成时间： 2023-02-21 16:03:52,872 ,模块：log ,进程：2396,线程：9716 , 消息：Not Found: /static/assets/css/bootstrap.css
日志级别：WARNING,生成时间： 2023-02-21 16:03:52,876 ,模块：log ,进程：2396,线程：13948 , 消息：Not Found: /static/assets/css/custom-styles.css
日志级别：WARNING,生成时间： 2023-02-21 16:03:52,880 ,模块：log ,进程：2396,线程：10400 , 消息：Not Found: /static/assets/CSS/login.css
日志级别：WARNING,生成时间： 2023-02-21 16:03:55,256 ,模块：log ,进程：2396,线程：15552 , 消息：Not Found: /static/assets/css/bootstrap.css
日志级别：WARNING,生成时间： 2023-02-21 16:03:55,259 ,模块：log ,进程：2396,线程：13688 , 消息：Not Found: /static/assets/css/font-awesome.css
日志级别：WARNING,生成时间： 2023-02-21 16:03:55,264 ,模块：log ,进程：2396,线程：2956 , 消息：Not Found: /static/assets/css/custom-styles.css
日志级别：WARNING,生成时间： 2023-02-21 16:03:55,267 ,模块：log ,进程：2396,线程：8456 , 消息：Not Found: /static/assets/CSS/login.css
日志级别：WARNING,生成时间： 2023-02-21 16:04:02,104 ,模块：log ,进程：2396,线程：4444 , 消息：Not Found: /static/assets/css/font-awesome.css
日志级别：WARNING,生成时间： 2023-02-21 16:04:02,106 ,模块：log ,进程：2396,线程：16432 , 消息：Not Found: /static/assets/css/bootstrap.css
日志级别：WARNING,生成时间： 2023-02-21 16:04:02,113 ,模块：log ,进程：2396,线程：7752 , 消息：Not Found: /static/assets/css/custom-styles.css
日志级别：WARNING,生成时间： 2023-02-21 16:04:02,115 ,模块：log ,进程：2396,线程：5048 , 消息：Not Found: /static/assets/CSS/login.css
